<?xml version="1.0" encoding="UTF-8"?>
<!-- Generated by org.testng.reporters.JUnitReportReporter -->
<testsuite hostname="DESKTOP-LM7E12N" failures="0" tests="6" name="testng.NewTest" time="2.332" errors="0" timestamp="03 Oct 2022 21:16:51 GMT" skipped="0">
  <testcase classname="testng.NewTest" name="Test1" time="0.834"/>
  <testcase classname="testng.NewTest" name="Test5" time="1.181"/>
  <testcase classname="testng.NewTest" name="Test2" time="0.076"/>
  <testcase classname="testng.NewTest" name="Test3" time="0.119"/>
  <testcase classname="testng.NewTest" name="Test4" time="0.056"/>
  <testcase classname="testng.NewTest" name="Test6" time="0.066"/>
</testsuite> <!-- testng.NewTest -->
